[2018-07-03 09:16:09] local.ERROR: exception 'League\Flysystem\FileNotFoundException' with message 'File not found at path: {fileNameToStore}' in C:\Users\Mohamed Aabed\Downloads\library-management-system-master\library-management-system-master\vendor\league\flysystem\src\Filesystem.php:381
Stack trace:
#0 C:\Users\Mohamed Aabed\Downloads\library-management-system-master\library-management-system-master\vendor\league\flysystem\src\Filesystem.php(176): League\Flysystem\Filesystem->assertPresent('{fileNameToStor...')
#1 C:\Users\Mohamed Aabed\Downloads\library-management-system-master\library-management-system-master\vendor\laravel\framework\src\Illuminate\Filesystem\FilesystemAdapter.php(56): League\Flysystem\Filesystem->read('{fileNameToStor...')
#2 C:\Users\Mohamed Aabed\Downloads\library-management-system-master\library-management-system-master\app\Http\Controllers\BookController.php(147): Illuminate\Filesystem\FilesystemAdapter->get('{fileNameToStor...')
#3 [internal function]: App\Http\Controllers\BookController->getimg('{fileNameToStor...')
#4 C:\Users\Mohamed Aabed\Downloads\library-management-system-master\library-management-system-master\vendor\laravel\framework\src\Illuminate\Routing\Controller.php(256): call_user_func_array(Array, Array)
#5 C:\Users\Mohamed Aabed\Downloads\library-management-system-master\library-management-system-master\vendor\laravel\framework\src\Illuminate\Routing\ControllerDispatcher.php(164): Illuminate\Routing\Controller->callAction('getimg', Array)
#6 C:\Users\Mohamed Aabed\Downloads\library-management-system-master\library-management-system-master\vendor\laravel\framework\src\Illuminate\Routing\ControllerDispatcher.php(112): Illuminate\Routing\ControllerDispatcher->call(Object(App\Http\Controllers\BookController), Object(Illuminate\Routing\Route), 'getimg')
#7 [internal function]: Illuminate\Routing\ControllerDispatcher->Illuminate\Routing\{closure}(Object(Illuminate\Http\Request))
#8 C:\Users\Mohamed Aabed\Downloads\library-management-system-master\library-management-system-master\vendor\laravel\framework\src\Illuminate\Pipeline\Pipeline.php(139): call_user_func(Object(Closure), Object(Illuminate\Http\Request))
#9 [internal function]: Illuminate\Pipeline\Pipeline->Illuminate\Pipeline\{closure}(Object(Illuminate\Http\Request))
#10 C:\Users\Mohamed Aabed\Downloads\library-management-system-master\library-management-system-master\vendor\laravel\framework\src\Illuminate\Pipeline\Pipeline.php(103): call_user_func(Object(Closure), Object(Illuminate\Http\Request))
#11 C:\Users\Mohamed Aabed\Downloads\library-management-system-master\library-management-system-master\vendor\laravel\framework\src\Illuminate\Routing\ControllerDispatcher.php(114): Illuminate\Pipeline\Pipeline->then(Object(Closure))
#12 C:\Users\Mohamed Aabed\Downloads\library-management-system-master\library-management-system-master\vendor\laravel\framework\src\Illuminate\Routing\ControllerDispatcher.php(69): Illuminate\Routing\ControllerDispatcher->callWithinStack(Object(App\Http\Controllers\BookController), Object(Illuminate\Routing\Route), Object(Illuminate\Http\Request), 'getimg')
#13 C:\Users\Mohamed Aabed\Downloads\library-management-system-master\library-management-system-master\vendor\laravel\framework\src\Illuminate\Routing\Route.php(203): Illuminate\Routing\ControllerDispatcher->dispatch(Object(Illuminate\Routing\Route), Object(Illuminate\Http\Request), 'App\\Http\\Contro...', 'getimg')
#14 C:\Users\Mohamed Aabed\Downloads\library-management-system-master\library-management-system-master\vendor\laravel\framework\src\Illuminate\Routing\Route.php(134): Illuminate\Routing\Route->runWithCustomDispatcher(Object(Illuminate\Http\Request))
#15 C:\Users\Mohamed Aabed\Downloads\library-management-system-master\library-management-system-master\vendor\laravel\framework\src\Illuminate\Routing\Router.php(708): Illuminate\Routing\Route->run(Object(Illuminate\Http\Request))
#16 [internal function]: Illuminate\Routing\Router->Illuminate\Routing\{closure}(Object(Illuminate\Http\Request))
#17 C:\Users\Mohamed Aabed\Downloads\library-management-system-master\library-management-system-master\vendor\laravel\framework\src\Illuminate\Pipeline\Pipeline.php(139): call_user_func(Object(Closure), Object(Illuminate\Http\Request))
#18 [internal function]: Illuminate\Pipeline\Pipeline->Illuminate\Pipeline\{closure}(Object(Illuminate\Http\Request))
#19 C:\Users\Mohamed Aabed\Downloads\library-management-system-master\library-management-system-master\vendor\laravel\framework\src\Illuminate\Pipeline\Pipeline.php(103): call_user_func(Object(Closure), Object(Illuminate\Http\Request))
#20 C:\Users\Mohamed Aabed\Downloads\library-management-system-master\library-management-system-master\vendor\laravel\framework\src\Illuminate\Routing\Router.php(710): Illuminate\Pipeline\Pipeline->then(Object(Closure))
#21 C:\Users\Mohamed Aabed\Downloads\library-management-system-master\library-management-system-master\vendor\laravel\framework\src\Illuminate\Routing\Router.php(675): Illuminate\Routing\Router->runRouteWithinStack(Object(Illuminate\Routing\Route), Object(Illuminate\Http\Request))
#22 C:\Users\Mohamed Aabed\Downloads\library-management-system-master\library-management-system-master\vendor\laravel\framework\src\Illuminate\Routing\Router.php(635): Illuminate\Routing\Router->dispatchToRoute(Object(Illuminate\Http\Request))
#23 C:\Users\Mohamed Aabed\Downloads\library-management-system-master\library-management-system-master\vendor\laravel\framework\src\Illuminate\Foundation\Http\Kernel.php(236): Illuminate\Routing\Router->dispatch(Object(Illuminate\Http\Request))
#24 [internal function]: Illuminate\Foundation\Http\Kernel->Illuminate\Foundation\Http\{closure}(Object(Illuminate\Http\Request))
#25 C:\Users\Mohamed Aabed\Downloads\library-management-system-master\library-management-system-master\vendor\laravel\framework\src\Illuminate\Pipeline\Pipeline.php(139): call_user_func(Object(Closure), Object(Illuminate\Http\Request))
#26 C:\Users\Mohamed Aabed\Downloads\library-management-system-master\library-management-system-master\vendor\laravel\framework\src\Illuminate\Foundation\Http\Middleware\VerifyCsrfToken.php(50): Illuminate\Pipeline\Pipeline->Illuminate\Pipeline\{closure}(Object(Illuminate\Http\Request))
#27 [internal function]: Illuminate\Foundation\Http\Middleware\VerifyCsrfToken->handle(Object(Illuminate\Http\Request), Object(Closure))
#28 C:\Users\Mohamed Aabed\Downloads\library-management-system-master\library-management-system-master\vendor\laravel\framework\src\Illuminate\Pipeline\Pipeline.php(124): call_user_func_array(Array, Array)
#29 C:\Users\Mohamed Aabed\Downloads\library-management-system-master\library-management-system-master\vendor\laravel\framework\src\Illuminate\View\Middleware\ShareErrorsFromSession.php(49): Illuminate\Pipeline\Pipeline->Illuminate\Pipeline\{closure}(Object(Illuminate\Http\Request))
#30 [internal function]: Illuminate\View\Middleware\ShareErrorsFromSession->handle(Object(Illuminate\Http\Request), Object(Closure))
#31 C:\Users\Mohamed Aabed\Downloads\library-management-system-master\library-management-system-master\vendor\laravel\framework\src\Illuminate\Pipeline\Pipeline.php(124): call_user_func_array(Array, Array)
#32 C:\Users\Mohamed Aabed\Downloads\library-management-system-master\library-management-system-master\vendor\laravel\framework\src\Illuminate\Session\Middleware\StartSession.php(62): Illuminate\Pipeline\Pipeline->Illuminate\Pipeline\{closure}(Object(Illuminate\Http\Request))
#33 [internal function]: Illuminate\Session\Middleware\StartSession->handle(Object(Illuminate\Http\Request), Object(Closure))
#34 C:\Users\Mohamed Aabed\Downloads\library-management-system-master\library-management-system-master\vendor\laravel\framework\src\Illuminate\Pipeline\Pipeline.php(124): call_user_func_array(Array, Array)
#35 C:\Users\Mohamed Aabed\Downloads\library-management-system-master\library-management-system-master\vendor\laravel\framework\src\Illuminate\Cookie\Middleware\AddQueuedCookiesToResponse.php(37): Illuminate\Pipeline\Pipeline->Illuminate\Pipeline\{closure}(Object(Illuminate\Http\Request))
#36 [internal function]: Illuminate\Cookie\Middleware\AddQueuedCookiesToResponse->handle(Object(Illuminate\Http\Request), Object(Closure))
#37 C:\Users\Mohamed Aabed\Downloads\library-management-system-master\library-management-system-master\vendor\laravel\framework\src\Illuminate\Pipeline\Pipeline.php(124): call_user_func_array(Array, Array)
#38 C:\Users\Mohamed Aabed\Downloads\library-management-system-master\library-management-system-master\vendor\laravel\framework\src\Illuminate\Cookie\Middleware\EncryptCookies.php(59): Illuminate\Pipeline\Pipeline->Illuminate\Pipeline\{closure}(Object(Illuminate\Http\Request))
#39 [internal function]: Illuminate\Cookie\Middleware\EncryptCookies->handle(Object(Illuminate\Http\Request), Object(Closure))
#40 C:\Users\Mohamed Aabed\Downloads\library-management-system-master\library-management-system-master\vendor\laravel\framework\src\Illuminate\Pipeline\Pipeline.php(124): call_user_func_array(Array, Array)
#41 C:\Users\Mohamed Aabed\Downloads\library-management-system-master\library-management-system-master\vendor\laravel\framework\src\Illuminate\Foundation\Http\Middleware\CheckForMaintenanceMode.php(44): Illuminate\Pipeline\Pipeline->Illuminate\Pipeline\{closure}(Object(Illuminate\Http\Request))
#42 [internal function]: Illuminate\Foundation\Http\Middleware\CheckForMaintenanceMode->handle(Object(Illuminate\Http\Request), Object(Closure))
#43 C:\Users\Mohamed Aabed\Downloads\library-management-system-master\library-management-system-master\vendor\laravel\framework\src\Illuminate\Pipeline\Pipeline.php(124): call_user_func_array(Array, Array)
#44 [internal function]: Illuminate\Pipeline\Pipeline->Illuminate\Pipeline\{closure}(Object(Illuminate\Http\Request))
#45 C:\Users\Mohamed Aabed\Downloads\library-management-system-master\library-management-system-master\vendor\laravel\framework\src\Illuminate\Pipeline\Pipeline.php(103): call_user_func(Object(Closure), Object(Illuminate\Http\Request))
#46 C:\Users\Mohamed Aabed\Downloads\library-management-system-master\library-management-system-master\vendor\laravel\framework\src\Illuminate\Foundation\Http\Kernel.php(122): Illuminate\Pipeline\Pipeline->then(Object(Closure))
#47 C:\Users\Mohamed Aabed\Downloads\library-management-system-master\library-management-system-master\vendor\laravel\framework\src\Illuminate\Foundation\Http\Kernel.php(87): Illuminate\Foundation\Http\Kernel->sendRequestThroughRouter(Object(Illuminate\Http\Request))
#48 C:\Users\Mohamed Aabed\Downloads\library-management-system-master\library-management-system-master\public\index.php(54): Illuminate\Foundation\Http\Kernel->handle(Object(Illuminate\Http\Request))
#49 C:\Users\Mohamed Aabed\Downloads\library-management-system-master\library-management-system-master\server.php(21): require_once('C:\\Users\\Mohame...')
#50 {main}

Next exception 'Illuminate\Contracts\Filesystem\FileNotFoundException' with message '{fileNameToStore}' in C:\Users\Mohamed Aabed\Downloads\library-management-system-master\library-management-system-master\vendor\laravel\framework\src\Illuminate\Filesystem\FilesystemAdapter.php:58
Stack trace:
#0 C:\Users\Mohamed Aabed\Downloads\library-management-system-master\library-management-system-master\app\Http\Controllers\BookController.php(147): Illuminate\Filesystem\FilesystemAdapter->get('{fileNameToStor...')
#1 [internal function]: App\Http\Controllers\BookController->getimg('{fileNameToStor...')
#2 C:\Users\Mohamed Aabed\Downloads\library-management-system-master\library-management-system-master\vendor\laravel\framework\src\Illuminate\Routing\Controller.php(256): call_user_func_array(Array, Array)
#3 C:\Users\Mohamed Aabed\Downloads\library-management-system-master\library-management-system-master\vendor\laravel\framework\src\Illuminate\Routing\ControllerDispatcher.php(164): Illuminate\Routing\Controller->callAction('getimg', Array)
#4 C:\Users\Mohamed Aabed\Downloads\library-management-system-master\library-management-system-master\vendor\laravel\framework\src\Illuminate\Routing\ControllerDispatcher.php(112): Illuminate\Routing\ControllerDispatcher->call(Object(App\Http\Controllers\BookController), Object(Illuminate\Routing\Route), 'getimg')
#5 [internal function]: Illuminate\Routing\ControllerDispatcher->Illuminate\Routing\{closure}(Object(Illuminate\Http\Request))
#6 C:\Users\Mohamed Aabed\Downloads\library-management-system-master\library-management-system-master\vendor\laravel\framework\src\Illuminate\Pipeline\Pipeline.php(139): call_user_func(Object(Closure), Object(Illuminate\Http\Request))
#7 [internal function]: Illuminate\Pipeline\Pipeline->Illuminate\Pipeline\{closure}(Object(Illuminate\Http\Request))
#8 C:\Users\Mohamed Aabed\Downloads\library-management-system-master\library-management-system-master\vendor\laravel\framework\src\Illuminate\Pipeline\Pipeline.php(103): call_user_func(Object(Closure), Object(Illuminate\Http\Request))
#9 C:\Users\Mohamed Aabed\Downloads\library-management-system-master\library-management-system-master\vendor\laravel\framework\src\Illuminate\Routing\ControllerDispatcher.php(114): Illuminate\Pipeline\Pipeline->then(Object(Closure))
#10 C:\Users\Mohamed Aabed\Downloads\library-management-system-master\library-management-system-master\vendor\laravel\framework\src\Illuminate\Routing\ControllerDispatcher.php(69): Illuminate\Routing\ControllerDispatcher->callWithinStack(Object(App\Http\Controllers\BookController), Object(Illuminate\Routing\Route), Object(Illuminate\Http\Request), 'getimg')
#11 C:\Users\Mohamed Aabed\Downloads\library-management-system-master\library-management-system-master\vendor\laravel\framework\src\Illuminate\Routing\Route.php(203): Illuminate\Routing\ControllerDispatcher->dispatch(Object(Illuminate\Routing\Route), Object(Illuminate\Http\Request), 'App\\Http\\Contro...', 'getimg')
#12 C:\Users\Mohamed Aabed\Downloads\library-management-system-master\library-management-system-master\vendor\laravel\framework\src\Illuminate\Routing\Route.php(134): Illuminate\Routing\Route->runWithCustomDispatcher(Object(Illuminate\Http\Request))
#13 C:\Users\Mohamed Aabed\Downloads\library-management-system-master\library-management-system-master\vendor\laravel\framework\src\Illuminate\Routing\Router.php(708): Illuminate\Routing\Route->run(Object(Illuminate\Http\Request))
#14 [internal function]: Illuminate\Routing\Router->Illuminate\Routing\{closure}(Object(Illuminate\Http\Request))
#15 C:\Users\Mohamed Aabed\Downloads\library-management-system-master\library-management-system-master\vendor\laravel\framework\src\Illuminate\Pipeline\Pipeline.php(139): call_user_func(Object(Closure), Object(Illuminate\Http\Request))
#16 [internal function]: Illuminate\Pipeline\Pipeline->Illuminate\Pipeline\{closure}(Object(Illuminate\Http\Request))
#17 C:\Users\Mohamed Aabed\Downloads\library-management-system-master\library-management-system-master\vendor\laravel\framework\src\Illuminate\Pipeline\Pipeline.php(103): call_user_func(Object(Closure), Object(Illuminate\Http\Request))
#18 C:\Users\Mohamed Aabed\Downloads\library-management-system-master\library-management-system-master\vendor\laravel\framework\src\Illuminate\Routing\Router.php(710): Illuminate\Pipeline\Pipeline->then(Object(Closure))
#19 C:\Users\Mohamed Aabed\Downloads\library-management-system-master\library-management-system-master\vendor\laravel\framework\src\Illuminate\Routing\Router.php(675): Illuminate\Routing\Router->runRouteWithinStack(Object(Illuminate\Routing\Route), Object(Illuminate\Http\Request))
#20 C:\Users\Mohamed Aabed\Downloads\library-management-system-master\library-management-system-master\vendor\laravel\framework\src\Illuminate\Routing\Router.php(635): Illuminate\Routing\Router->dispatchToRoute(Object(Illuminate\Http\Request))
#21 C:\Users\Mohamed Aabed\Downloads\library-management-system-master\library-management-system-master\vendor\laravel\framework\src\Illuminate\Foundation\Http\Kernel.php(236): Illuminate\Routing\Router->dispatch(Object(Illuminate\Http\Request))
#22 [internal function]: Illuminate\Foundation\Http\Kernel->Illuminate\Foundation\Http\{closure}(Object(Illuminate\Http\Request))
#23 C:\Users\Mohamed Aabed\Downloads\library-management-system-master\library-management-system-master\vendor\laravel\framework\src\Illuminate\Pipeline\Pipeline.php(139): call_user_func(Object(Closure), Object(Illuminate\Http\Request))
#24 C:\Users\Mohamed Aabed\Downloads\library-management-system-master\library-management-system-master\vendor\laravel\framework\src\Illuminate\Foundation\Http\Middleware\VerifyCsrfToken.php(50): Illuminate\Pipeline\Pipeline->Illuminate\Pipeline\{closure}(Object(Illuminate\Http\Request))
#25 [internal function]: Illuminate\Foundation\Http\Middleware\VerifyCsrfToken->handle(Object(Illuminate\Http\Request), Object(Closure))
#26 C:\Users\Mohamed Aabed\Downloads\library-management-system-master\library-management-system-master\vendor\laravel\framework\src\Illuminate\Pipeline\Pipeline.php(124): call_user_func_array(Array, Array)
#27 C:\Users\Mohamed Aabed\Downloads\library-management-system-master\library-management-system-master\vendor\laravel\framework\src\Illuminate\View\Middleware\ShareErrorsFromSession.php(49): Illuminate\Pipeline\Pipeline->Illuminate\Pipeline\{closure}(Object(Illuminate\Http\Request))
#28 [internal function]: Illuminate\View\Middleware\ShareErrorsFromSession->handle(Object(Illuminate\Http\Request), Object(Closure))
#29 C:\Users\Mohamed Aabed\Downloads\library-management-system-master\library-management-system-master\vendor\laravel\framework\src\Illuminate\Pipeline\Pipeline.php(124): call_user_func_array(Array, Array)
#30 C:\Users\Mohamed Aabed\Downloads\library-management-system-master\library-management-system-master\vendor\laravel\framework\src\Illuminate\Session\Middleware\StartSession.php(62): Illuminate\Pipeline\Pipeline->Illuminate\Pipeline\{closure}(Object(Illuminate\Http\Request))
#31 [internal function]: Illuminate\Session\Middleware\StartSession->handle(Object(Illuminate\Http\Request), Object(Closure))
#32 C:\Users\Mohamed Aabed\Downloads\library-management-system-master\library-management-system-master\vendor\laravel\framework\src\Illuminate\Pipeline\Pipeline.php(124): call_user_func_array(Array, Array)
#33 C:\Users\Mohamed Aabed\Downloads\library-management-system-master\library-management-system-master\vendor\laravel\framework\src\Illuminate\Cookie\Middleware\AddQueuedCookiesToResponse.php(37): Illuminate\Pipeline\Pipeline->Illuminate\Pipeline\{closure}(Object(Illuminate\Http\Request))
#34 [internal function]: Illuminate\Cookie\Middleware\AddQueuedCookiesToResponse->handle(Object(Illuminate\Http\Request), Object(Closure))
#35 C:\Users\Mohamed Aabed\Downloads\library-management-system-master\library-management-system-master\vendor\laravel\framework\src\Illuminate\Pipeline\Pipeline.php(124): call_user_func_array(Array, Array)
#36 C:\Users\Mohamed Aabed\Downloads\library-management-system-master\library-management-system-master\vendor\laravel\framework\src\Illuminate\Cookie\Middleware\EncryptCookies.php(59): Illuminate\Pipeline\Pipeline->Illuminate\Pipeline\{closure}(Object(Illuminate\Http\Request))
#37 [internal function]: Illuminate\Cookie\Middleware\EncryptCookies->handle(Object(Illuminate\Http\Request), Object(Closure))
#38 C:\Users\Mohamed Aabed\Downloads\library-management-system-master\library-management-system-master\vendor\laravel\framework\src\Illuminate\Pipeline\Pipeline.php(124): call_user_func_array(Array, Array)
#39 C:\Users\Mohamed Aabed\Downloads\library-management-system-master\library-management-system-master\vendor\laravel\framework\src\Illuminate\Foundation\Http\Middleware\CheckForMaintenanceMode.php(44): Illuminate\Pipeline\Pipeline->Illuminate\Pipeline\{closure}(Object(Illuminate\Http\Request))
#40 [internal function]: Illuminate\Foundation\Http\Middleware\CheckForMaintenanceMode->handle(Object(Illuminate\Http\Request), Object(Closure))
#41 C:\Users\Mohamed Aabed\Downloads\library-management-system-master\library-management-system-master\vendor\laravel\framework\src\Illuminate\Pipeline\Pipeline.php(124): call_user_func_array(Array, Array)
#42 [internal function]: Illuminate\Pipeline\Pipeline->Illuminate\Pipeline\{closure}(Object(Illuminate\Http\Request))
#43 C:\Users\Mohamed Aabed\Downloads\library-management-system-master\library-management-system-master\vendor\laravel\framework\src\Illuminate\Pipeline\Pipeline.php(103): call_user_func(Object(Closure), Object(Illuminate\Http\Request))
#44 C:\Users\Mohamed Aabed\Downloads\library-management-system-master\library-management-system-master\vendor\laravel\framework\src\Illuminate\Foundation\Http\Kernel.php(122): Illuminate\Pipeline\Pipeline->then(Object(Closure))
#45 C:\Users\Mohamed Aabed\Downloads\library-management-system-master\library-management-system-master\vendor\laravel\framework\src\Illuminate\Foundation\Http\Kernel.php(87): Illuminate\Foundation\Http\Kernel->sendRequestThroughRouter(Object(Illuminate\Http\Request))
#46 C:\Users\Mohamed Aabed\Downloads\library-management-system-master\library-management-system-master\public\index.php(54): Illuminate\Foundation\Http\Kernel->handle(Object(Illuminate\Http\Request))
#47 C:\Users\Mohamed Aabed\Downloads\library-management-system-master\library-management-system-master\server.php(21): require_once('C:\\Users\\Mohame...')
#48 {main}  
